<?xml version="1.0" encoding="UTF-8"?>
<testsuite xmlns:xsi="http://www.w3.org/2001/XMLSchema-instance" xsi:noNamespaceSchemaLocation="https://maven.apache.org/surefire/maven-surefire-plugin/xsd/surefire-test-report-3.0.xsd" version="3.0" name="TestSuite" time="33.102" tests="6" errors="0" skipped="0" failures="0">
  <properties>
    <property name="java.specification.version" value="13"/>
    <property name="sun.jnu.encoding" value="UTF-8"/>
    <property name="java.class.path" value="/Users/a.maged/eclipse-workspace/TAF/target/test-classes:/Users/a.maged/eclipse-workspace/TAF/target/classes:/Users/a.maged/.m2/repository/org/seleniumhq/selenium/selenium-java/3.141.59/selenium-java-3.141.59.jar:/Users/a.maged/.m2/repository/org/seleniumhq/selenium/selenium-api/3.141.59/selenium-api-3.141.59.jar:/Users/a.maged/.m2/repository/org/seleniumhq/selenium/selenium-chrome-driver/3.141.59/selenium-chrome-driver-3.141.59.jar:/Users/a.maged/.m2/repository/org/seleniumhq/selenium/selenium-edge-driver/3.141.59/selenium-edge-driver-3.141.59.jar:/Users/a.maged/.m2/repository/org/seleniumhq/selenium/selenium-firefox-driver/3.141.59/selenium-firefox-driver-3.141.59.jar:/Users/a.maged/.m2/repository/org/seleniumhq/selenium/selenium-ie-driver/3.141.59/selenium-ie-driver-3.141.59.jar:/Users/a.maged/.m2/repository/org/seleniumhq/selenium/selenium-opera-driver/3.141.59/selenium-opera-driver-3.141.59.jar:/Users/a.maged/.m2/repository/org/seleniumhq/selenium/selenium-remote-driver/3.141.59/selenium-remote-driver-3.141.59.jar:/Users/a.maged/.m2/repository/org/seleniumhq/selenium/selenium-safari-driver/3.141.59/selenium-safari-driver-3.141.59.jar:/Users/a.maged/.m2/repository/org/seleniumhq/selenium/selenium-support/3.141.59/selenium-support-3.141.59.jar:/Users/a.maged/.m2/repository/net/bytebuddy/byte-buddy/1.8.15/byte-buddy-1.8.15.jar:/Users/a.maged/.m2/repository/org/apache/commons/commons-exec/1.3/commons-exec-1.3.jar:/Users/a.maged/.m2/repository/com/google/guava/guava/25.0-jre/guava-25.0-jre.jar:/Users/a.maged/.m2/repository/com/google/code/findbugs/jsr305/1.3.9/jsr305-1.3.9.jar:/Users/a.maged/.m2/repository/org/checkerframework/checker-compat-qual/2.0.0/checker-compat-qual-2.0.0.jar:/Users/a.maged/.m2/repository/com/google/errorprone/error_prone_annotations/2.1.3/error_prone_annotations-2.1.3.jar:/Users/a.maged/.m2/repository/com/google/j2objc/j2objc-annotations/1.1/j2objc-annotations-1.1.jar:/Users/a.maged/.m2/repository/org/codehaus/mojo/animal-sniffer-annotations/1.14/animal-sniffer-annotations-1.14.jar:/Users/a.maged/.m2/repository/com/squareup/okhttp3/okhttp/3.11.0/okhttp-3.11.0.jar:/Users/a.maged/.m2/repository/com/squareup/okio/okio/1.14.0/okio-1.14.0.jar:/Users/a.maged/.m2/repository/org/testng/testng/7.1.0/testng-7.1.0.jar:/Users/a.maged/.m2/repository/com/beust/jcommander/1.72/jcommander-1.72.jar:/Users/a.maged/.m2/repository/com/google/inject/guice/4.1.0/guice-4.1.0-no_aop.jar:/Users/a.maged/.m2/repository/javax/inject/javax.inject/1/javax.inject-1.jar:/Users/a.maged/.m2/repository/aopalliance/aopalliance/1.0/aopalliance-1.0.jar:/Users/a.maged/.m2/repository/org/yaml/snakeyaml/1.21/snakeyaml-1.21.jar:/Users/a.maged/.m2/repository/commons-io/commons-io/2.6/commons-io-2.6.jar:/Users/a.maged/.m2/repository/org/apache/httpcomponents/httpclient/4.5.10/httpclient-4.5.10.jar:/Users/a.maged/.m2/repository/org/apache/httpcomponents/httpcore/4.4.12/httpcore-4.4.12.jar:/Users/a.maged/.m2/repository/commons-logging/commons-logging/1.2/commons-logging-1.2.jar:/Users/a.maged/.m2/repository/commons-codec/commons-codec/1.11/commons-codec-1.11.jar:/Users/a.maged/.m2/repository/org/apache/poi/poi-ooxml/4.1.0/poi-ooxml-4.1.0.jar:/Users/a.maged/.m2/repository/org/apache/poi/poi/4.1.0/poi-4.1.0.jar:/Users/a.maged/.m2/repository/org/apache/commons/commons-math3/3.6.1/commons-math3-3.6.1.jar:/Users/a.maged/.m2/repository/org/apache/poi/poi-ooxml-schemas/4.1.0/poi-ooxml-schemas-4.1.0.jar:/Users/a.maged/.m2/repository/org/apache/xmlbeans/xmlbeans/3.1.0/xmlbeans-3.1.0.jar:/Users/a.maged/.m2/repository/org/apache/commons/commons-compress/1.18/commons-compress-1.18.jar:/Users/a.maged/.m2/repository/com/github/virtuald/curvesapi/1.06/curvesapi-1.06.jar:/Users/a.maged/.m2/repository/com/opencsv/opencsv/5.0/opencsv-5.0.jar:/Users/a.maged/.m2/repository/org/apache/commons/commons-lang3/3.9/commons-lang3-3.9.jar:/Users/a.maged/.m2/repository/org/apache/commons/commons-text/1.7/commons-text-1.7.jar:/Users/a.maged/.m2/repository/commons-beanutils/commons-beanutils/1.9.4/commons-beanutils-1.9.4.jar:/Users/a.maged/.m2/repository/commons-collections/commons-collections/3.2.2/commons-collections-3.2.2.jar:/Users/a.maged/.m2/repository/org/apache/commons/commons-collections4/4.4/commons-collections4-4.4.jar:/Users/a.maged/.m2/repository/com/github/javafaker/javafaker/1.0.1/javafaker-1.0.1.jar:/Users/a.maged/.m2/repository/org/yaml/snakeyaml/1.23/snakeyaml-1.23-android.jar:/Users/a.maged/.m2/repository/com/github/mifmif/generex/1.0.2/generex-1.0.2.jar:/Users/a.maged/.m2/repository/dk/brics/automaton/automaton/1.11-8/automaton-1.11-8.jar:/Users/a.maged/.m2/repository/com/googlecode/json-simple/json-simple/1.1.1/json-simple-1.1.1.jar:/Users/a.maged/.m2/repository/junit/junit/4.10/junit-4.10.jar:/Users/a.maged/.m2/repository/org/hamcrest/hamcrest-core/1.1/hamcrest-core-1.1.jar:"/>
    <property name="java.vm.vendor" value="Oracle Corporation"/>
    <property name="sun.arch.data.model" value="64"/>
    <property name="java.vendor.url" value="https://java.oracle.com/"/>
    <property name="user.timezone" value="Africa/Cairo"/>
    <property name="os.name" value="Mac OS X"/>
    <property name="java.vm.specification.version" value="13"/>
    <property name="sun.java.launcher" value="SUN_STANDARD"/>
    <property name="user.country" value="GB"/>
    <property name="sun.boot.library.path" value="/Library/Java/JavaVirtualMachines/jdk-13.jdk/Contents/Home/lib"/>
    <property name="sun.java.command" value="/Users/a.maged/eclipse-workspace/TAF/target/surefire/surefirebooter17749412577860396396.jar /Users/a.maged/eclipse-workspace/TAF/target/surefire 2020-02-07T21-46-36_127-jvmRun1 surefire14305275889701969705tmp surefire_03896227805480028845tmp"/>
    <property name="http.nonProxyHosts" value="local|*.local|169.254/16|*.169.254/16"/>
    <property name="jdk.debug" value="release"/>
    <property name="surefire.test.class.path" value="/Users/a.maged/eclipse-workspace/TAF/target/test-classes:/Users/a.maged/eclipse-workspace/TAF/target/classes:/Users/a.maged/.m2/repository/org/seleniumhq/selenium/selenium-java/3.141.59/selenium-java-3.141.59.jar:/Users/a.maged/.m2/repository/org/seleniumhq/selenium/selenium-api/3.141.59/selenium-api-3.141.59.jar:/Users/a.maged/.m2/repository/org/seleniumhq/selenium/selenium-chrome-driver/3.141.59/selenium-chrome-driver-3.141.59.jar:/Users/a.maged/.m2/repository/org/seleniumhq/selenium/selenium-edge-driver/3.141.59/selenium-edge-driver-3.141.59.jar:/Users/a.maged/.m2/repository/org/seleniumhq/selenium/selenium-firefox-driver/3.141.59/selenium-firefox-driver-3.141.59.jar:/Users/a.maged/.m2/repository/org/seleniumhq/selenium/selenium-ie-driver/3.141.59/selenium-ie-driver-3.141.59.jar:/Users/a.maged/.m2/repository/org/seleniumhq/selenium/selenium-opera-driver/3.141.59/selenium-opera-driver-3.141.59.jar:/Users/a.maged/.m2/repository/org/seleniumhq/selenium/selenium-remote-driver/3.141.59/selenium-remote-driver-3.141.59.jar:/Users/a.maged/.m2/repository/org/seleniumhq/selenium/selenium-safari-driver/3.141.59/selenium-safari-driver-3.141.59.jar:/Users/a.maged/.m2/repository/org/seleniumhq/selenium/selenium-support/3.141.59/selenium-support-3.141.59.jar:/Users/a.maged/.m2/repository/net/bytebuddy/byte-buddy/1.8.15/byte-buddy-1.8.15.jar:/Users/a.maged/.m2/repository/org/apache/commons/commons-exec/1.3/commons-exec-1.3.jar:/Users/a.maged/.m2/repository/com/google/guava/guava/25.0-jre/guava-25.0-jre.jar:/Users/a.maged/.m2/repository/com/google/code/findbugs/jsr305/1.3.9/jsr305-1.3.9.jar:/Users/a.maged/.m2/repository/org/checkerframework/checker-compat-qual/2.0.0/checker-compat-qual-2.0.0.jar:/Users/a.maged/.m2/repository/com/google/errorprone/error_prone_annotations/2.1.3/error_prone_annotations-2.1.3.jar:/Users/a.maged/.m2/repository/com/google/j2objc/j2objc-annotations/1.1/j2objc-annotations-1.1.jar:/Users/a.maged/.m2/repository/org/codehaus/mojo/animal-sniffer-annotations/1.14/animal-sniffer-annotations-1.14.jar:/Users/a.maged/.m2/repository/com/squareup/okhttp3/okhttp/3.11.0/okhttp-3.11.0.jar:/Users/a.maged/.m2/repository/com/squareup/okio/okio/1.14.0/okio-1.14.0.jar:/Users/a.maged/.m2/repository/org/testng/testng/7.1.0/testng-7.1.0.jar:/Users/a.maged/.m2/repository/com/beust/jcommander/1.72/jcommander-1.72.jar:/Users/a.maged/.m2/repository/com/google/inject/guice/4.1.0/guice-4.1.0-no_aop.jar:/Users/a.maged/.m2/repository/javax/inject/javax.inject/1/javax.inject-1.jar:/Users/a.maged/.m2/repository/aopalliance/aopalliance/1.0/aopalliance-1.0.jar:/Users/a.maged/.m2/repository/org/yaml/snakeyaml/1.21/snakeyaml-1.21.jar:/Users/a.maged/.m2/repository/commons-io/commons-io/2.6/commons-io-2.6.jar:/Users/a.maged/.m2/repository/org/apache/httpcomponents/httpclient/4.5.10/httpclient-4.5.10.jar:/Users/a.maged/.m2/repository/org/apache/httpcomponents/httpcore/4.4.12/httpcore-4.4.12.jar:/Users/a.maged/.m2/repository/commons-logging/commons-logging/1.2/commons-logging-1.2.jar:/Users/a.maged/.m2/repository/commons-codec/commons-codec/1.11/commons-codec-1.11.jar:/Users/a.maged/.m2/repository/org/apache/poi/poi-ooxml/4.1.0/poi-ooxml-4.1.0.jar:/Users/a.maged/.m2/repository/org/apache/poi/poi/4.1.0/poi-4.1.0.jar:/Users/a.maged/.m2/repository/org/apache/commons/commons-math3/3.6.1/commons-math3-3.6.1.jar:/Users/a.maged/.m2/repository/org/apache/poi/poi-ooxml-schemas/4.1.0/poi-ooxml-schemas-4.1.0.jar:/Users/a.maged/.m2/repository/org/apache/xmlbeans/xmlbeans/3.1.0/xmlbeans-3.1.0.jar:/Users/a.maged/.m2/repository/org/apache/commons/commons-compress/1.18/commons-compress-1.18.jar:/Users/a.maged/.m2/repository/com/github/virtuald/curvesapi/1.06/curvesapi-1.06.jar:/Users/a.maged/.m2/repository/com/opencsv/opencsv/5.0/opencsv-5.0.jar:/Users/a.maged/.m2/repository/org/apache/commons/commons-lang3/3.9/commons-lang3-3.9.jar:/Users/a.maged/.m2/repository/org/apache/commons/commons-text/1.7/commons-text-1.7.jar:/Users/a.maged/.m2/repository/commons-beanutils/commons-beanutils/1.9.4/commons-beanutils-1.9.4.jar:/Users/a.maged/.m2/repository/commons-collections/commons-collections/3.2.2/commons-collections-3.2.2.jar:/Users/a.maged/.m2/repository/org/apache/commons/commons-collections4/4.4/commons-collections4-4.4.jar:/Users/a.maged/.m2/repository/com/github/javafaker/javafaker/1.0.1/javafaker-1.0.1.jar:/Users/a.maged/.m2/repository/org/yaml/snakeyaml/1.23/snakeyaml-1.23-android.jar:/Users/a.maged/.m2/repository/com/github/mifmif/generex/1.0.2/generex-1.0.2.jar:/Users/a.maged/.m2/repository/dk/brics/automaton/automaton/1.11-8/automaton-1.11-8.jar:/Users/a.maged/.m2/repository/com/googlecode/json-simple/json-simple/1.1.1/json-simple-1.1.1.jar:/Users/a.maged/.m2/repository/junit/junit/4.10/junit-4.10.jar:/Users/a.maged/.m2/repository/org/hamcrest/hamcrest-core/1.1/hamcrest-core-1.1.jar:"/>
    <property name="sun.cpu.endian" value="little"/>
    <property name="user.home" value="/Users/a.maged"/>
    <property name="user.language" value="en"/>
    <property name="java.specification.vendor" value="Oracle Corporation"/>
    <property name="java.version.date" value="2019-09-17"/>
    <property name="java.home" value="/Library/Java/JavaVirtualMachines/jdk-13.jdk/Contents/Home"/>
    <property name="file.separator" value="/"/>
    <property name="basedir" value="/Users/a.maged/eclipse-workspace/TAF"/>
    <property name="java.vm.compressedOopsMode" value="Zero based"/>
    <property name="line.separator" value="&#10;"/>
    <property name="java.specification.name" value="Java Platform API Specification"/>
    <property name="java.vm.specification.vendor" value="Oracle Corporation"/>
    <property name="surefire.real.class.path" value="/Users/a.maged/eclipse-workspace/TAF/target/surefire/surefirebooter17749412577860396396.jar"/>
    <property name="sun.management.compiler" value="HotSpot 64-Bit Tiered Compilers"/>
    <property name="ftp.nonProxyHosts" value="local|*.local|169.254/16|*.169.254/16"/>
    <property name="java.runtime.version" value="13+33"/>
    <property name="webdriver.edge.driver" value="/Users/a.maged/eclipse-workspace/TAF/drivers/chromedriver"/>
    <property name="user.name" value="a.maged"/>
    <property name="path.separator" value=":"/>
    <property name="os.version" value="10.15.1"/>
    <property name="java.runtime.name" value="Java(TM) SE Runtime Environment"/>
    <property name="file.encoding" value="UTF-8"/>
    <property name="java.vm.name" value="Java HotSpot(TM) 64-Bit Server VM"/>
    <property name="localRepository" value="/Users/a.maged/.m2/repository"/>
    <property name="java.vendor.url.bug" value="https://bugreport.java.com/bugreport/"/>
    <property name="java.io.tmpdir" value="/var/folders/2k/yv_bf8m57bd7px9dl_zjlg500000gn/T/"/>
    <property name="java.version" value="13"/>
    <property name="user.dir" value="/Users/a.maged/eclipse-workspace/TAF"/>
    <property name="os.arch" value="x86_64"/>
    <property name="java.vm.specification.name" value="Java Virtual Machine Specification"/>
    <property name="java.library.path" value="/Users/a.maged/Library/Java/Extensions:/Library/Java/Extensions:/Network/Library/Java/Extensions:/System/Library/Java/Extensions:/usr/lib/java:."/>
    <property name="java.vm.info" value="mixed mode, sharing"/>
    <property name="java.vendor" value="Oracle Corporation"/>
    <property name="java.vm.version" value="13+33"/>
    <property name="sun.io.unicode.encoding" value="UnicodeBig"/>
    <property name="socksNonProxyHosts" value="local|*.local|169.254/16|*.169.254/16"/>
    <property name="java.class.version" value="57.0"/>
  </properties>
  <testcase name="userCanCHangeCurrency" classname="tests.ChangeCurrencyTest" time="2.582"/>
  <testcase name="userCanHoverAndSelect" classname="tests.SelectAfterHoverTest" time="1.665"/>
  <testcase name="userCanRegister" classname="tests.RegistrationFakeDataTest" time="11.443"/>
  <testcase name="userCanReachItemBySuggestedSearch" classname="tests.AddProductToCartAndUpdateQtyTest" time="3.415"/>
  <testcase name="UserCanAddItemToCart" classname="tests.AddProductToCartAndUpdateQtyTest" time="2.51"/>
  <testcase name="UserCanUpdateQtyFromCart" classname="tests.AddProductToCartAndUpdateQtyTest" time="1.031"/>
</testsuite>