<?xml version="1.0" encoding="UTF-8"?>
<!-- Generated by org.testng.reporters.JUnitReportReporter -->
<testsuite hostname="AMaged-MacBook-Air.local" failures="0" tests="1" name="tests.SearchUsingAutoCompleteTest" time="5.052" errors="0" timestamp="2020-02-07T03:53:40 EET" skipped="0">
  <testcase classname="tests.SearchUsingAutoCompleteTest" name="userCanReachItemBySuggestedSearch" time="5.052"/>
  <system-out/>
</testsuite> <!-- tests.SearchUsingAutoCompleteTest -->
