<?xml version="1.0" encoding="UTF-8"?>
<!-- Generated by org.testng.reporters.JUnitReportReporter -->
<testsuite hostname="AMaged-MacBook-Air.local" failures="0" tests="1" name="tests.ContactUsTest" time="4.929" errors="0" timestamp="2020-02-03T23:38:45 EET" skipped="0">
  <testcase classname="tests.ContactUsTest" name="userCanSendContactUs" time="4.929"/>
  <system-out/>
</testsuite> <!-- tests.ContactUsTest -->
