<?xml version="1.0" encoding="UTF-8"?>
<!-- Generated by org.testng.reporters.JUnitReportReporter -->
<testsuite hostname="AMaged-MacBook-Air.local" failures="0" tests="1" name="tests.ProductSearchTest" time="5.301" errors="0" timestamp="2020-02-03T23:37:38 EET" skipped="0">
  <testcase classname="tests.ProductSearchTest" name="userCanReachProductBySearch" time="5.301"/>
  <system-out/>
</testsuite> <!-- tests.ProductSearchTest -->
