<?xml version="1.0" encoding="UTF-8"?>
<!-- Generated by org.testng.reporters.JUnitReportReporter -->
<testsuite hostname="AMaged-MacBook-Air.local" failures="0" tests="1" name="tests.SelectAfterHoverTest" time="1.797" errors="0" timestamp="2020-02-10T22:28:06 EET" skipped="0">
  <testcase classname="tests.SelectAfterHoverTest" name="userCanHoverAndSelect" time="1.797"/>
</testsuite> <!-- tests.SelectAfterHoverTest -->
