<?xml version="1.0" encoding="UTF-8"?>
<!-- Generated by org.testng.reporters.JUnitReportReporter -->
<testsuite hostname="AMaged-MacBook-Air.local" failures="0" tests="1" name="tests.RegistrationTest2" time="9.969" errors="0" timestamp="2020-02-05T21:20:34 EET" skipped="0">
  <testcase classname="tests.RegistrationTest2" name="userCanRegister" time="9.969"/>
  <system-out/>
</testsuite> <!-- tests.RegistrationTest2 -->
