<?xml version="1.0" encoding="UTF-8"?>
<!-- Generated by org.testng.reporters.JUnitReportReporter -->
<testsuite hostname="AMaged-MacBook-Air.local" failures="0" tests="1" name="tests.RegistrationExcelTest" time="0.000" errors="0" timestamp="2020-02-06T20:17:47 EET" skipped="1">
  <testcase classname="tests.RegistrationExcelTest" name="userCanRegister" time="0.000">
    <skipped/>
  </testcase> <!-- userCanRegister -->
  <system-out/>
</testsuite> <!-- tests.RegistrationExcelTest -->
