<?xml version="1.0" encoding="UTF-8"?>
<!-- Generated by org.testng.reporters.JUnitReportReporter -->
<testsuite hostname="AMaged-MacBook-Air.local" failures="0" tests="1" name="tests.ChangeCurrencyTest" time="3.406" errors="0" timestamp="2020-02-10T22:28:06 EET" skipped="0">
  <testcase classname="tests.ChangeCurrencyTest" name="userCanCHangeCurrency" time="3.406"/>
</testsuite> <!-- tests.ChangeCurrencyTest -->
