<?xml version="1.0" encoding="UTF-8"?>
<!-- Generated by org.testng.reporters.JUnitReportReporter -->
<testsuite hostname="AMaged-MacBook-Air.local" failures="0" tests="3" name="tests.AddProductToCartAndUpdateQtyTest" time="6.951" errors="0" timestamp="2020-02-07T21:47:10 EET" skipped="0">
  <testcase classname="tests.AddProductToCartAndUpdateQtyTest" name="UserCanUpdateQtyFromCart" time="1.028"/>
  <system-out/>
  <testcase classname="tests.AddProductToCartAndUpdateQtyTest" name="userCanReachItemBySuggestedSearch" time="3.414"/>
  <system-out/>
  <testcase classname="tests.AddProductToCartAndUpdateQtyTest" name="UserCanAddItemToCart" time="2.509"/>
  <system-out/>
</testsuite> <!-- tests.AddProductToCartAndUpdateQtyTest -->
