<?xml version="1.0" encoding="UTF-8"?>
<!-- Generated by org.testng.reporters.JUnitReportReporter -->
<testsuite hostname="AMaged-MacBook-Air.local" failures="0" tests="1" name="tests.RegistrationFakeDataTest" time="11.448" errors="0" timestamp="2020-02-07T21:47:10 EET" skipped="0">
  <testcase classname="tests.RegistrationFakeDataTest" name="userCanRegister" time="11.448"/>
  <system-out/>
</testsuite> <!-- tests.RegistrationFakeDataTest -->
