<?xml version="1.0" encoding="UTF-8"?>
<!-- Generated by org.testng.reporters.JUnitReportReporter -->
<testsuite hostname="AMaged-MacBook-Air.local" failures="0" tests="1" name="tests.SelectAfterHoverTest" time="1.663" errors="0" timestamp="2020-02-07T21:47:10 EET" skipped="0">
  <testcase classname="tests.SelectAfterHoverTest" name="userCanHoverAndSelect" time="1.663"/>
  <system-out/>
</testsuite> <!-- tests.SelectAfterHoverTest -->
